<?xml version="1.0" encoding="UTF-8"?>
<testsuite xmlns:xsi="http://www.w3.org/2001/XMLSchema-instance" xsi:noNamespaceSchemaLocation="https://maven.apache.org/surefire/maven-surefire-plugin/xsd/surefire-test-report.xsd" name="com.alireza.spark.utils.AppTest" time="1.114" tests="1" errors="0" skipped="0" failures="0">
  <properties>
    <property name="sun.desktop" value="gnome"/>
    <property name="awt.toolkit" value="sun.awt.X11.XToolkit"/>
    <property name="file.encoding.pkg" value="sun.io"/>
    <property name="java.specification.version" value="1.8"/>
    <property name="sun.cpu.isalist" value=""/>
    <property name="sun.jnu.encoding" value="UTF-8"/>
    <property name="java.class.path" value="/home/alireza/spark-sql-example/target/test-classes:/home/alireza/spark-sql-example/target/classes:/home/alireza/.m2/repository/org/apache/spark/spark-core_2.10/1.6.2/spark-core_2.10-1.6.2.jar:/home/alireza/.m2/repository/org/apache/avro/avro-mapred/1.7.7/avro-mapred-1.7.7-hadoop2.jar:/home/alireza/.m2/repository/org/apache/avro/avro-ipc/1.7.7/avro-ipc-1.7.7.jar:/home/alireza/.m2/repository/org/apache/avro/avro-ipc/1.7.7/avro-ipc-1.7.7-tests.jar:/home/alireza/.m2/repository/org/codehaus/jackson/jackson-core-asl/1.9.13/jackson-core-asl-1.9.13.jar:/home/alireza/.m2/repository/org/codehaus/jackson/jackson-mapper-asl/1.9.13/jackson-mapper-asl-1.9.13.jar:/home/alireza/.m2/repository/com/twitter/chill_2.10/0.5.0/chill_2.10-0.5.0.jar:/home/alireza/.m2/repository/com/esotericsoftware/kryo/kryo/2.21/kryo-2.21.jar:/home/alireza/.m2/repository/com/esotericsoftware/reflectasm/reflectasm/1.07/reflectasm-1.07-shaded.jar:/home/alireza/.m2/repository/com/esotericsoftware/minlog/minlog/1.2/minlog-1.2.jar:/home/alireza/.m2/repository/org/objenesis/objenesis/1.2/objenesis-1.2.jar:/home/alireza/.m2/repository/com/twitter/chill-java/0.5.0/chill-java-0.5.0.jar:/home/alireza/.m2/repository/org/apache/xbean/xbean-asm5-shaded/4.4/xbean-asm5-shaded-4.4.jar:/home/alireza/.m2/repository/org/apache/spark/spark-launcher_2.10/1.6.2/spark-launcher_2.10-1.6.2.jar:/home/alireza/.m2/repository/org/apache/spark/spark-network-common_2.10/1.6.2/spark-network-common_2.10-1.6.2.jar:/home/alireza/.m2/repository/org/apache/spark/spark-network-shuffle_2.10/1.6.2/spark-network-shuffle_2.10-1.6.2.jar:/home/alireza/.m2/repository/org/fusesource/leveldbjni/leveldbjni-all/1.8/leveldbjni-all-1.8.jar:/home/alireza/.m2/repository/com/fasterxml/jackson/core/jackson-annotations/2.4.4/jackson-annotations-2.4.4.jar:/home/alireza/.m2/repository/org/apache/spark/spark-unsafe_2.10/1.6.2/spark-unsafe_2.10-1.6.2.jar:/home/alireza/.m2/repository/net/java/dev/jets3t/jets3t/0.7.1/jets3t-0.7.1.jar:/home/alireza/.m2/repository/commons-codec/commons-codec/1.3/commons-codec-1.3.jar:/home/alireza/.m2/repository/commons-httpclient/commons-httpclient/3.1/commons-httpclient-3.1.jar:/home/alireza/.m2/repository/org/apache/curator/curator-recipes/2.4.0/curator-recipes-2.4.0.jar:/home/alireza/.m2/repository/org/apache/curator/curator-framework/2.4.0/curator-framework-2.4.0.jar:/home/alireza/.m2/repository/org/apache/zookeeper/zookeeper/3.4.5/zookeeper-3.4.5.jar:/home/alireza/.m2/repository/jline/jline/0.9.94/jline-0.9.94.jar:/home/alireza/.m2/repository/com/google/guava/guava/14.0.1/guava-14.0.1.jar:/home/alireza/.m2/repository/org/eclipse/jetty/orbit/javax.servlet/3.0.0.v201112011016/javax.servlet-3.0.0.v201112011016.jar:/home/alireza/.m2/repository/org/apache/commons/commons-lang3/3.3.2/commons-lang3-3.3.2.jar:/home/alireza/.m2/repository/org/apache/commons/commons-math3/3.4.1/commons-math3-3.4.1.jar:/home/alireza/.m2/repository/com/google/code/findbugs/jsr305/1.3.9/jsr305-1.3.9.jar:/home/alireza/.m2/repository/org/slf4j/slf4j-api/1.7.10/slf4j-api-1.7.10.jar:/home/alireza/.m2/repository/org/slf4j/jul-to-slf4j/1.7.10/jul-to-slf4j-1.7.10.jar:/home/alireza/.m2/repository/org/slf4j/jcl-over-slf4j/1.7.10/jcl-over-slf4j-1.7.10.jar:/home/alireza/.m2/repository/log4j/log4j/1.2.17/log4j-1.2.17.jar:/home/alireza/.m2/repository/org/slf4j/slf4j-log4j12/1.7.10/slf4j-log4j12-1.7.10.jar:/home/alireza/.m2/repository/com/ning/compress-lzf/1.0.3/compress-lzf-1.0.3.jar:/home/alireza/.m2/repository/org/xerial/snappy/snappy-java/1.1.2.1/snappy-java-1.1.2.1.jar:/home/alireza/.m2/repository/net/jpountz/lz4/lz4/1.3.0/lz4-1.3.0.jar:/home/alireza/.m2/repository/org/roaringbitmap/RoaringBitmap/0.5.11/RoaringBitmap-0.5.11.jar:/home/alireza/.m2/repository/commons-net/commons-net/2.2/commons-net-2.2.jar:/home/alireza/.m2/repository/com/typesafe/akka/akka-remote_2.10/2.3.11/akka-remote_2.10-2.3.11.jar:/home/alireza/.m2/repository/com/typesafe/akka/akka-actor_2.10/2.3.11/akka-actor_2.10-2.3.11.jar:/home/alireza/.m2/repository/com/typesafe/config/1.2.1/config-1.2.1.jar:/home/alireza/.m2/repository/io/netty/netty/3.8.0.Final/netty-3.8.0.Final.jar:/home/alireza/.m2/repository/com/google/protobuf/protobuf-java/2.5.0/protobuf-java-2.5.0.jar:/home/alireza/.m2/repository/org/uncommons/maths/uncommons-maths/1.2.2a/uncommons-maths-1.2.2a.jar:/home/alireza/.m2/repository/com/typesafe/akka/akka-slf4j_2.10/2.3.11/akka-slf4j_2.10-2.3.11.jar:/home/alireza/.m2/repository/org/scala-lang/scala-library/2.10.5/scala-library-2.10.5.jar:/home/alireza/.m2/repository/org/json4s/json4s-jackson_2.10/3.2.10/json4s-jackson_2.10-3.2.10.jar:/home/alireza/.m2/repository/org/json4s/json4s-core_2.10/3.2.10/json4s-core_2.10-3.2.10.jar:/home/alireza/.m2/repository/org/json4s/json4s-ast_2.10/3.2.10/json4s-ast_2.10-3.2.10.jar:/home/alireza/.m2/repository/org/scala-lang/scalap/2.10.0/scalap-2.10.0.jar:/home/alireza/.m2/repository/org/scala-lang/scala-compiler/2.10.0/scala-compiler-2.10.0.jar:/home/alireza/.m2/repository/com/sun/jersey/jersey-server/1.9/jersey-server-1.9.jar:/home/alireza/.m2/repository/asm/asm/3.1/asm-3.1.jar:/home/alireza/.m2/repository/com/sun/jersey/jersey-core/1.9/jersey-core-1.9.jar:/home/alireza/.m2/repository/org/apache/mesos/mesos/0.21.1/mesos-0.21.1-shaded-protobuf.jar:/home/alireza/.m2/repository/io/netty/netty-all/4.0.29.Final/netty-all-4.0.29.Final.jar:/home/alireza/.m2/repository/com/clearspring/analytics/stream/2.7.0/stream-2.7.0.jar:/home/alireza/.m2/repository/io/dropwizard/metrics/metrics-core/3.1.2/metrics-core-3.1.2.jar:/home/alireza/.m2/repository/io/dropwizard/metrics/metrics-jvm/3.1.2/metrics-jvm-3.1.2.jar:/home/alireza/.m2/repository/io/dropwizard/metrics/metrics-json/3.1.2/metrics-json-3.1.2.jar:/home/alireza/.m2/repository/io/dropwizard/metrics/metrics-graphite/3.1.2/metrics-graphite-3.1.2.jar:/home/alireza/.m2/repository/com/fasterxml/jackson/core/jackson-databind/2.4.4/jackson-databind-2.4.4.jar:/home/alireza/.m2/repository/com/fasterxml/jackson/core/jackson-core/2.4.4/jackson-core-2.4.4.jar:/home/alireza/.m2/repository/com/fasterxml/jackson/module/jackson-module-scala_2.10/2.4.4/jackson-module-scala_2.10-2.4.4.jar:/home/alireza/.m2/repository/com/thoughtworks/paranamer/paranamer/2.6/paranamer-2.6.jar:/home/alireza/.m2/repository/org/apache/ivy/ivy/2.4.0/ivy-2.4.0.jar:/home/alireza/.m2/repository/oro/oro/2.0.8/oro-2.0.8.jar:/home/alireza/.m2/repository/org/tachyonproject/tachyon-client/0.8.2/tachyon-client-0.8.2.jar:/home/alireza/.m2/repository/commons-lang/commons-lang/2.4/commons-lang-2.4.jar:/home/alireza/.m2/repository/commons-io/commons-io/2.4/commons-io-2.4.jar:/home/alireza/.m2/repository/org/tachyonproject/tachyon-underfs-hdfs/0.8.2/tachyon-underfs-hdfs-0.8.2.jar:/home/alireza/.m2/repository/org/tachyonproject/tachyon-underfs-s3/0.8.2/tachyon-underfs-s3-0.8.2.jar:/home/alireza/.m2/repository/org/tachyonproject/tachyon-underfs-local/0.8.2/tachyon-underfs-local-0.8.2.jar:/home/alireza/.m2/repository/net/razorvine/pyrolite/4.9/pyrolite-4.9.jar:/home/alireza/.m2/repository/net/sf/py4j/py4j/0.9/py4j-0.9.jar:/home/alireza/.m2/repository/org/spark-project/spark/unused/1.0.0/unused-1.0.0.jar:/home/alireza/.m2/repository/org/apache/spark/spark-sql_2.11/2.3.0/spark-sql_2.11-2.3.0.jar:/home/alireza/.m2/repository/com/univocity/univocity-parsers/2.5.9/univocity-parsers-2.5.9.jar:/home/alireza/.m2/repository/org/apache/spark/spark-sketch_2.11/2.3.0/spark-sketch_2.11-2.3.0.jar:/home/alireza/.m2/repository/org/apache/spark/spark-core_2.11/2.3.0/spark-core_2.11-2.3.0.jar:/home/alireza/.m2/repository/org/apache/avro/avro/1.7.7/avro-1.7.7.jar:/home/alireza/.m2/repository/com/twitter/chill_2.11/0.8.4/chill_2.11-0.8.4.jar:/home/alireza/.m2/repository/org/apache/spark/spark-launcher_2.11/2.3.0/spark-launcher_2.11-2.3.0.jar:/home/alireza/.m2/repository/org/apache/spark/spark-kvstore_2.11/2.3.0/spark-kvstore_2.11-2.3.0.jar:/home/alireza/.m2/repository/org/apache/spark/spark-network-common_2.11/2.3.0/spark-network-common_2.11-2.3.0.jar:/home/alireza/.m2/repository/org/apache/spark/spark-network-shuffle_2.11/2.3.0/spark-network-shuffle_2.11-2.3.0.jar:/home/alireza/.m2/repository/org/apache/spark/spark-unsafe_2.11/2.3.0/spark-unsafe_2.11-2.3.0.jar:/home/alireza/.m2/repository/javax/servlet/javax.servlet-api/3.1.0/javax.servlet-api-3.1.0.jar:/home/alireza/.m2/repository/org/lz4/lz4-java/1.4.0/lz4-java-1.4.0.jar:/home/alireza/.m2/repository/com/github/luben/zstd-jni/1.3.2-2/zstd-jni-1.3.2-2.jar:/home/alireza/.m2/repository/org/json4s/json4s-jackson_2.11/3.2.11/json4s-jackson_2.11-3.2.11.jar:/home/alireza/.m2/repository/org/json4s/json4s-core_2.11/3.2.11/json4s-core_2.11-3.2.11.jar:/home/alireza/.m2/repository/org/json4s/json4s-ast_2.11/3.2.11/json4s-ast_2.11-3.2.11.jar:/home/alireza/.m2/repository/org/glassfish/jersey/core/jersey-client/2.22.2/jersey-client-2.22.2.jar:/home/alireza/.m2/repository/javax/ws/rs/javax.ws.rs-api/2.0.1/javax.ws.rs-api-2.0.1.jar:/home/alireza/.m2/repository/org/glassfish/hk2/hk2-api/2.4.0-b34/hk2-api-2.4.0-b34.jar:/home/alireza/.m2/repository/org/glassfish/hk2/hk2-utils/2.4.0-b34/hk2-utils-2.4.0-b34.jar:/home/alireza/.m2/repository/org/glassfish/hk2/external/aopalliance-repackaged/2.4.0-b34/aopalliance-repackaged-2.4.0-b34.jar:/home/alireza/.m2/repository/org/glassfish/hk2/external/javax.inject/2.4.0-b34/javax.inject-2.4.0-b34.jar:/home/alireza/.m2/repository/org/glassfish/hk2/hk2-locator/2.4.0-b34/hk2-locator-2.4.0-b34.jar:/home/alireza/.m2/repository/org/javassist/javassist/3.18.1-GA/javassist-3.18.1-GA.jar:/home/alireza/.m2/repository/org/glassfish/jersey/core/jersey-common/2.22.2/jersey-common-2.22.2.jar:/home/alireza/.m2/repository/javax/annotation/javax.annotation-api/1.2/javax.annotation-api-1.2.jar:/home/alireza/.m2/repository/org/glassfish/jersey/bundles/repackaged/jersey-guava/2.22.2/jersey-guava-2.22.2.jar:/home/alireza/.m2/repository/org/glassfish/hk2/osgi-resource-locator/1.0.1/osgi-resource-locator-1.0.1.jar:/home/alireza/.m2/repository/org/glassfish/jersey/core/jersey-server/2.22.2/jersey-server-2.22.2.jar:/home/alireza/.m2/repository/org/glassfish/jersey/media/jersey-media-jaxb/2.22.2/jersey-media-jaxb-2.22.2.jar:/home/alireza/.m2/repository/javax/validation/validation-api/1.1.0.Final/validation-api-1.1.0.Final.jar:/home/alireza/.m2/repository/org/glassfish/jersey/containers/jersey-container-servlet/2.22.2/jersey-container-servlet-2.22.2.jar:/home/alireza/.m2/repository/org/glassfish/jersey/containers/jersey-container-servlet-core/2.22.2/jersey-container-servlet-core-2.22.2.jar:/home/alireza/.m2/repository/com/fasterxml/jackson/module/jackson-module-scala_2.11/2.6.7.1/jackson-module-scala_2.11-2.6.7.1.jar:/home/alireza/.m2/repository/com/fasterxml/jackson/module/jackson-module-paranamer/2.7.9/jackson-module-paranamer-2.7.9.jar:/home/alireza/.m2/repository/org/apache/commons/commons-crypto/1.0.0/commons-crypto-1.0.0.jar:/home/alireza/.m2/repository/org/apache/spark/spark-catalyst_2.11/2.3.0/spark-catalyst_2.11-2.3.0.jar:/home/alireza/.m2/repository/org/scala-lang/modules/scala-parser-combinators_2.11/1.0.4/scala-parser-combinators_2.11-1.0.4.jar:/home/alireza/.m2/repository/org/codehaus/janino/janino/3.0.8/janino-3.0.8.jar:/home/alireza/.m2/repository/org/codehaus/janino/commons-compiler/3.0.8/commons-compiler-3.0.8.jar:/home/alireza/.m2/repository/org/antlr/antlr4-runtime/4.7/antlr4-runtime-4.7.jar:/home/alireza/.m2/repository/org/apache/spark/spark-tags_2.11/2.3.0/spark-tags_2.11-2.3.0.jar:/home/alireza/.m2/repository/org/apache/orc/orc-core/1.4.1/orc-core-1.4.1-nohive.jar:/home/alireza/.m2/repository/io/airlift/aircompressor/0.8/aircompressor-0.8.jar:/home/alireza/.m2/repository/org/apache/orc/orc-mapreduce/1.4.1/orc-mapreduce-1.4.1-nohive.jar:/home/alireza/.m2/repository/com/esotericsoftware/kryo-shaded/3.0.3/kryo-shaded-3.0.3.jar:/home/alireza/.m2/repository/com/esotericsoftware/minlog/1.3.0/minlog-1.3.0.jar:/home/alireza/.m2/repository/org/apache/parquet/parquet-column/1.8.2/parquet-column-1.8.2.jar:/home/alireza/.m2/repository/org/apache/parquet/parquet-common/1.8.2/parquet-common-1.8.2.jar:/home/alireza/.m2/repository/org/apache/parquet/parquet-encoding/1.8.2/parquet-encoding-1.8.2.jar:/home/alireza/.m2/repository/org/apache/parquet/parquet-hadoop/1.8.2/parquet-hadoop-1.8.2.jar:/home/alireza/.m2/repository/org/apache/parquet/parquet-format/2.3.1/parquet-format-2.3.1.jar:/home/alireza/.m2/repository/org/apache/parquet/parquet-jackson/1.8.2/parquet-jackson-1.8.2.jar:/home/alireza/.m2/repository/org/apache/arrow/arrow-vector/0.8.0/arrow-vector-0.8.0.jar:/home/alireza/.m2/repository/org/apache/arrow/arrow-format/0.8.0/arrow-format-0.8.0.jar:/home/alireza/.m2/repository/org/apache/arrow/arrow-memory/0.8.0/arrow-memory-0.8.0.jar:/home/alireza/.m2/repository/com/carrotsearch/hppc/0.7.2/hppc-0.7.2.jar:/home/alireza/.m2/repository/com/vlkan/flatbuffers/1.2.0-3f79e055/flatbuffers-1.2.0-3f79e055.jar:/home/alireza/.m2/repository/org/apache/hadoop/hadoop-client/2.7.0/hadoop-client-2.7.0.jar:/home/alireza/.m2/repository/org/apache/hadoop/hadoop-common/2.7.0/hadoop-common-2.7.0.jar:/home/alireza/.m2/repository/commons-cli/commons-cli/1.2/commons-cli-1.2.jar:/home/alireza/.m2/repository/xmlenc/xmlenc/0.52/xmlenc-0.52.jar:/home/alireza/.m2/repository/commons-collections/commons-collections/3.2.1/commons-collections-3.2.1.jar:/home/alireza/.m2/repository/javax/servlet/jsp/jsp-api/2.1/jsp-api-2.1.jar:/home/alireza/.m2/repository/commons-logging/commons-logging/1.1.3/commons-logging-1.1.3.jar:/home/alireza/.m2/repository/commons-configuration/commons-configuration/1.6/commons-configuration-1.6.jar:/home/alireza/.m2/repository/commons-digester/commons-digester/1.8/commons-digester-1.8.jar:/home/alireza/.m2/repository/commons-beanutils/commons-beanutils-core/1.8.0/commons-beanutils-core-1.8.0.jar:/home/alireza/.m2/repository/com/google/code/gson/gson/2.2.4/gson-2.2.4.jar:/home/alireza/.m2/repository/org/apache/hadoop/hadoop-auth/2.7.0/hadoop-auth-2.7.0.jar:/home/alireza/.m2/repository/org/apache/httpcomponents/httpclient/4.2.5/httpclient-4.2.5.jar:/home/alireza/.m2/repository/org/apache/httpcomponents/httpcore/4.2.4/httpcore-4.2.4.jar:/home/alireza/.m2/repository/org/apache/directory/server/apacheds-kerberos-codec/2.0.0-M15/apacheds-kerberos-codec-2.0.0-M15.jar:/home/alireza/.m2/repository/org/apache/directory/server/apacheds-i18n/2.0.0-M15/apacheds-i18n-2.0.0-M15.jar:/home/alireza/.m2/repository/org/apache/directory/api/api-asn1-api/1.0.0-M20/api-asn1-api-1.0.0-M20.jar:/home/alireza/.m2/repository/org/apache/directory/api/api-util/1.0.0-M20/api-util-1.0.0-M20.jar:/home/alireza/.m2/repository/org/apache/curator/curator-client/2.7.1/curator-client-2.7.1.jar:/home/alireza/.m2/repository/org/apache/htrace/htrace-core/3.1.0-incubating/htrace-core-3.1.0-incubating.jar:/home/alireza/.m2/repository/org/apache/commons/commons-compress/1.4.1/commons-compress-1.4.1.jar:/home/alireza/.m2/repository/org/tukaani/xz/1.0/xz-1.0.jar:/home/alireza/.m2/repository/org/apache/hadoop/hadoop-hdfs/2.7.0/hadoop-hdfs-2.7.0.jar:/home/alireza/.m2/repository/org/mortbay/jetty/jetty-util/6.1.26/jetty-util-6.1.26.jar:/home/alireza/.m2/repository/xerces/xercesImpl/2.9.1/xercesImpl-2.9.1.jar:/home/alireza/.m2/repository/xml-apis/xml-apis/1.3.04/xml-apis-1.3.04.jar:/home/alireza/.m2/repository/org/apache/hadoop/hadoop-mapreduce-client-app/2.7.0/hadoop-mapreduce-client-app-2.7.0.jar:/home/alireza/.m2/repository/org/apache/hadoop/hadoop-mapreduce-client-common/2.7.0/hadoop-mapreduce-client-common-2.7.0.jar:/home/alireza/.m2/repository/org/apache/hadoop/hadoop-yarn-client/2.7.0/hadoop-yarn-client-2.7.0.jar:/home/alireza/.m2/repository/org/apache/hadoop/hadoop-yarn-server-common/2.7.0/hadoop-yarn-server-common-2.7.0.jar:/home/alireza/.m2/repository/org/apache/hadoop/hadoop-mapreduce-client-shuffle/2.7.0/hadoop-mapreduce-client-shuffle-2.7.0.jar:/home/alireza/.m2/repository/org/apache/hadoop/hadoop-yarn-api/2.7.0/hadoop-yarn-api-2.7.0.jar:/home/alireza/.m2/repository/org/apache/hadoop/hadoop-mapreduce-client-core/2.7.0/hadoop-mapreduce-client-core-2.7.0.jar:/home/alireza/.m2/repository/org/apache/hadoop/hadoop-yarn-common/2.7.0/hadoop-yarn-common-2.7.0.jar:/home/alireza/.m2/repository/javax/xml/bind/jaxb-api/2.2.2/jaxb-api-2.2.2.jar:/home/alireza/.m2/repository/javax/xml/stream/stax-api/1.0-2/stax-api-1.0-2.jar:/home/alireza/.m2/repository/javax/activation/activation/1.1/activation-1.1.jar:/home/alireza/.m2/repository/javax/servlet/servlet-api/2.5/servlet-api-2.5.jar:/home/alireza/.m2/repository/com/sun/jersey/jersey-client/1.9/jersey-client-1.9.jar:/home/alireza/.m2/repository/org/codehaus/jackson/jackson-jaxrs/1.9.13/jackson-jaxrs-1.9.13.jar:/home/alireza/.m2/repository/org/codehaus/jackson/jackson-xc/1.9.13/jackson-xc-1.9.13.jar:/home/alireza/.m2/repository/org/apache/hadoop/hadoop-mapreduce-client-jobclient/2.7.0/hadoop-mapreduce-client-jobclient-2.7.0.jar:/home/alireza/.m2/repository/org/apache/hadoop/hadoop-annotations/2.7.0/hadoop-annotations-2.7.0.jar:/home/alireza/.m2/repository/com/datastax/spark/spark-cassandra-connector_2.11/2.0.0-M3/spark-cassandra-connector_2.11-2.0.0-M3.jar:/home/alireza/.m2/repository/commons-beanutils/commons-beanutils/1.8.0/commons-beanutils-1.8.0.jar:/home/alireza/.m2/repository/joda-time/joda-time/2.3/joda-time-2.3.jar:/home/alireza/.m2/repository/com/twitter/jsr166e/1.1.0/jsr166e-1.1.0.jar:/home/alireza/.m2/repository/org/joda/joda-convert/1.2/joda-convert-1.2.jar:/home/alireza/.m2/repository/org/scala-lang/scala-reflect/2.11.8/scala-reflect-2.11.8.jar:/home/alireza/.m2/repository/junit/junit/4.11/junit-4.11.jar:/home/alireza/.m2/repository/org/hamcrest/hamcrest-core/1.3/hamcrest-core-1.3.jar:"/>
    <property name="java.vm.vendor" value="Oracle Corporation"/>
    <property name="sun.arch.data.model" value="64"/>
    <property name="java.vendor.url" value="http://java.oracle.com/"/>
    <property name="user.timezone" value=""/>
    <property name="java.vm.specification.version" value="1.8"/>
    <property name="os.name" value="Linux"/>
    <property name="user.country" value="US"/>
    <property name="sun.java.launcher" value="SUN_STANDARD"/>
    <property name="sun.boot.library.path" value="/usr/lib/jvm/java-8-openjdk-amd64/jre/lib/amd64"/>
    <property name="sun.java.command" value="/home/alireza/spark-sql-example/target/surefire/surefirebooter6557031441694348336.jar /home/alireza/spark-sql-example/target/surefire 2018-08-27T12-13-58_636-jvmRun1 surefire1799464148374143178tmp surefire_06555174499041584303tmp"/>
    <property name="surefire.test.class.path" value="/home/alireza/spark-sql-example/target/test-classes:/home/alireza/spark-sql-example/target/classes:/home/alireza/.m2/repository/org/apache/spark/spark-core_2.10/1.6.2/spark-core_2.10-1.6.2.jar:/home/alireza/.m2/repository/org/apache/avro/avro-mapred/1.7.7/avro-mapred-1.7.7-hadoop2.jar:/home/alireza/.m2/repository/org/apache/avro/avro-ipc/1.7.7/avro-ipc-1.7.7.jar:/home/alireza/.m2/repository/org/apache/avro/avro-ipc/1.7.7/avro-ipc-1.7.7-tests.jar:/home/alireza/.m2/repository/org/codehaus/jackson/jackson-core-asl/1.9.13/jackson-core-asl-1.9.13.jar:/home/alireza/.m2/repository/org/codehaus/jackson/jackson-mapper-asl/1.9.13/jackson-mapper-asl-1.9.13.jar:/home/alireza/.m2/repository/com/twitter/chill_2.10/0.5.0/chill_2.10-0.5.0.jar:/home/alireza/.m2/repository/com/esotericsoftware/kryo/kryo/2.21/kryo-2.21.jar:/home/alireza/.m2/repository/com/esotericsoftware/reflectasm/reflectasm/1.07/reflectasm-1.07-shaded.jar:/home/alireza/.m2/repository/com/esotericsoftware/minlog/minlog/1.2/minlog-1.2.jar:/home/alireza/.m2/repository/org/objenesis/objenesis/1.2/objenesis-1.2.jar:/home/alireza/.m2/repository/com/twitter/chill-java/0.5.0/chill-java-0.5.0.jar:/home/alireza/.m2/repository/org/apache/xbean/xbean-asm5-shaded/4.4/xbean-asm5-shaded-4.4.jar:/home/alireza/.m2/repository/org/apache/spark/spark-launcher_2.10/1.6.2/spark-launcher_2.10-1.6.2.jar:/home/alireza/.m2/repository/org/apache/spark/spark-network-common_2.10/1.6.2/spark-network-common_2.10-1.6.2.jar:/home/alireza/.m2/repository/org/apache/spark/spark-network-shuffle_2.10/1.6.2/spark-network-shuffle_2.10-1.6.2.jar:/home/alireza/.m2/repository/org/fusesource/leveldbjni/leveldbjni-all/1.8/leveldbjni-all-1.8.jar:/home/alireza/.m2/repository/com/fasterxml/jackson/core/jackson-annotations/2.4.4/jackson-annotations-2.4.4.jar:/home/alireza/.m2/repository/org/apache/spark/spark-unsafe_2.10/1.6.2/spark-unsafe_2.10-1.6.2.jar:/home/alireza/.m2/repository/net/java/dev/jets3t/jets3t/0.7.1/jets3t-0.7.1.jar:/home/alireza/.m2/repository/commons-codec/commons-codec/1.3/commons-codec-1.3.jar:/home/alireza/.m2/repository/commons-httpclient/commons-httpclient/3.1/commons-httpclient-3.1.jar:/home/alireza/.m2/repository/org/apache/curator/curator-recipes/2.4.0/curator-recipes-2.4.0.jar:/home/alireza/.m2/repository/org/apache/curator/curator-framework/2.4.0/curator-framework-2.4.0.jar:/home/alireza/.m2/repository/org/apache/zookeeper/zookeeper/3.4.5/zookeeper-3.4.5.jar:/home/alireza/.m2/repository/jline/jline/0.9.94/jline-0.9.94.jar:/home/alireza/.m2/repository/com/google/guava/guava/14.0.1/guava-14.0.1.jar:/home/alireza/.m2/repository/org/eclipse/jetty/orbit/javax.servlet/3.0.0.v201112011016/javax.servlet-3.0.0.v201112011016.jar:/home/alireza/.m2/repository/org/apache/commons/commons-lang3/3.3.2/commons-lang3-3.3.2.jar:/home/alireza/.m2/repository/org/apache/commons/commons-math3/3.4.1/commons-math3-3.4.1.jar:/home/alireza/.m2/repository/com/google/code/findbugs/jsr305/1.3.9/jsr305-1.3.9.jar:/home/alireza/.m2/repository/org/slf4j/slf4j-api/1.7.10/slf4j-api-1.7.10.jar:/home/alireza/.m2/repository/org/slf4j/jul-to-slf4j/1.7.10/jul-to-slf4j-1.7.10.jar:/home/alireza/.m2/repository/org/slf4j/jcl-over-slf4j/1.7.10/jcl-over-slf4j-1.7.10.jar:/home/alireza/.m2/repository/log4j/log4j/1.2.17/log4j-1.2.17.jar:/home/alireza/.m2/repository/org/slf4j/slf4j-log4j12/1.7.10/slf4j-log4j12-1.7.10.jar:/home/alireza/.m2/repository/com/ning/compress-lzf/1.0.3/compress-lzf-1.0.3.jar:/home/alireza/.m2/repository/org/xerial/snappy/snappy-java/1.1.2.1/snappy-java-1.1.2.1.jar:/home/alireza/.m2/repository/net/jpountz/lz4/lz4/1.3.0/lz4-1.3.0.jar:/home/alireza/.m2/repository/org/roaringbitmap/RoaringBitmap/0.5.11/RoaringBitmap-0.5.11.jar:/home/alireza/.m2/repository/commons-net/commons-net/2.2/commons-net-2.2.jar:/home/alireza/.m2/repository/com/typesafe/akka/akka-remote_2.10/2.3.11/akka-remote_2.10-2.3.11.jar:/home/alireza/.m2/repository/com/typesafe/akka/akka-actor_2.10/2.3.11/akka-actor_2.10-2.3.11.jar:/home/alireza/.m2/repository/com/typesafe/config/1.2.1/config-1.2.1.jar:/home/alireza/.m2/repository/io/netty/netty/3.8.0.Final/netty-3.8.0.Final.jar:/home/alireza/.m2/repository/com/google/protobuf/protobuf-java/2.5.0/protobuf-java-2.5.0.jar:/home/alireza/.m2/repository/org/uncommons/maths/uncommons-maths/1.2.2a/uncommons-maths-1.2.2a.jar:/home/alireza/.m2/repository/com/typesafe/akka/akka-slf4j_2.10/2.3.11/akka-slf4j_2.10-2.3.11.jar:/home/alireza/.m2/repository/org/scala-lang/scala-library/2.10.5/scala-library-2.10.5.jar:/home/alireza/.m2/repository/org/json4s/json4s-jackson_2.10/3.2.10/json4s-jackson_2.10-3.2.10.jar:/home/alireza/.m2/repository/org/json4s/json4s-core_2.10/3.2.10/json4s-core_2.10-3.2.10.jar:/home/alireza/.m2/repository/org/json4s/json4s-ast_2.10/3.2.10/json4s-ast_2.10-3.2.10.jar:/home/alireza/.m2/repository/org/scala-lang/scalap/2.10.0/scalap-2.10.0.jar:/home/alireza/.m2/repository/org/scala-lang/scala-compiler/2.10.0/scala-compiler-2.10.0.jar:/home/alireza/.m2/repository/com/sun/jersey/jersey-server/1.9/jersey-server-1.9.jar:/home/alireza/.m2/repository/asm/asm/3.1/asm-3.1.jar:/home/alireza/.m2/repository/com/sun/jersey/jersey-core/1.9/jersey-core-1.9.jar:/home/alireza/.m2/repository/org/apache/mesos/mesos/0.21.1/mesos-0.21.1-shaded-protobuf.jar:/home/alireza/.m2/repository/io/netty/netty-all/4.0.29.Final/netty-all-4.0.29.Final.jar:/home/alireza/.m2/repository/com/clearspring/analytics/stream/2.7.0/stream-2.7.0.jar:/home/alireza/.m2/repository/io/dropwizard/metrics/metrics-core/3.1.2/metrics-core-3.1.2.jar:/home/alireza/.m2/repository/io/dropwizard/metrics/metrics-jvm/3.1.2/metrics-jvm-3.1.2.jar:/home/alireza/.m2/repository/io/dropwizard/metrics/metrics-json/3.1.2/metrics-json-3.1.2.jar:/home/alireza/.m2/repository/io/dropwizard/metrics/metrics-graphite/3.1.2/metrics-graphite-3.1.2.jar:/home/alireza/.m2/repository/com/fasterxml/jackson/core/jackson-databind/2.4.4/jackson-databind-2.4.4.jar:/home/alireza/.m2/repository/com/fasterxml/jackson/core/jackson-core/2.4.4/jackson-core-2.4.4.jar:/home/alireza/.m2/repository/com/fasterxml/jackson/module/jackson-module-scala_2.10/2.4.4/jackson-module-scala_2.10-2.4.4.jar:/home/alireza/.m2/repository/com/thoughtworks/paranamer/paranamer/2.6/paranamer-2.6.jar:/home/alireza/.m2/repository/org/apache/ivy/ivy/2.4.0/ivy-2.4.0.jar:/home/alireza/.m2/repository/oro/oro/2.0.8/oro-2.0.8.jar:/home/alireza/.m2/repository/org/tachyonproject/tachyon-client/0.8.2/tachyon-client-0.8.2.jar:/home/alireza/.m2/repository/commons-lang/commons-lang/2.4/commons-lang-2.4.jar:/home/alireza/.m2/repository/commons-io/commons-io/2.4/commons-io-2.4.jar:/home/alireza/.m2/repository/org/tachyonproject/tachyon-underfs-hdfs/0.8.2/tachyon-underfs-hdfs-0.8.2.jar:/home/alireza/.m2/repository/org/tachyonproject/tachyon-underfs-s3/0.8.2/tachyon-underfs-s3-0.8.2.jar:/home/alireza/.m2/repository/org/tachyonproject/tachyon-underfs-local/0.8.2/tachyon-underfs-local-0.8.2.jar:/home/alireza/.m2/repository/net/razorvine/pyrolite/4.9/pyrolite-4.9.jar:/home/alireza/.m2/repository/net/sf/py4j/py4j/0.9/py4j-0.9.jar:/home/alireza/.m2/repository/org/spark-project/spark/unused/1.0.0/unused-1.0.0.jar:/home/alireza/.m2/repository/org/apache/spark/spark-sql_2.11/2.3.0/spark-sql_2.11-2.3.0.jar:/home/alireza/.m2/repository/com/univocity/univocity-parsers/2.5.9/univocity-parsers-2.5.9.jar:/home/alireza/.m2/repository/org/apache/spark/spark-sketch_2.11/2.3.0/spark-sketch_2.11-2.3.0.jar:/home/alireza/.m2/repository/org/apache/spark/spark-core_2.11/2.3.0/spark-core_2.11-2.3.0.jar:/home/alireza/.m2/repository/org/apache/avro/avro/1.7.7/avro-1.7.7.jar:/home/alireza/.m2/repository/com/twitter/chill_2.11/0.8.4/chill_2.11-0.8.4.jar:/home/alireza/.m2/repository/org/apache/spark/spark-launcher_2.11/2.3.0/spark-launcher_2.11-2.3.0.jar:/home/alireza/.m2/repository/org/apache/spark/spark-kvstore_2.11/2.3.0/spark-kvstore_2.11-2.3.0.jar:/home/alireza/.m2/repository/org/apache/spark/spark-network-common_2.11/2.3.0/spark-network-common_2.11-2.3.0.jar:/home/alireza/.m2/repository/org/apache/spark/spark-network-shuffle_2.11/2.3.0/spark-network-shuffle_2.11-2.3.0.jar:/home/alireza/.m2/repository/org/apache/spark/spark-unsafe_2.11/2.3.0/spark-unsafe_2.11-2.3.0.jar:/home/alireza/.m2/repository/javax/servlet/javax.servlet-api/3.1.0/javax.servlet-api-3.1.0.jar:/home/alireza/.m2/repository/org/lz4/lz4-java/1.4.0/lz4-java-1.4.0.jar:/home/alireza/.m2/repository/com/github/luben/zstd-jni/1.3.2-2/zstd-jni-1.3.2-2.jar:/home/alireza/.m2/repository/org/json4s/json4s-jackson_2.11/3.2.11/json4s-jackson_2.11-3.2.11.jar:/home/alireza/.m2/repository/org/json4s/json4s-core_2.11/3.2.11/json4s-core_2.11-3.2.11.jar:/home/alireza/.m2/repository/org/json4s/json4s-ast_2.11/3.2.11/json4s-ast_2.11-3.2.11.jar:/home/alireza/.m2/repository/org/glassfish/jersey/core/jersey-client/2.22.2/jersey-client-2.22.2.jar:/home/alireza/.m2/repository/javax/ws/rs/javax.ws.rs-api/2.0.1/javax.ws.rs-api-2.0.1.jar:/home/alireza/.m2/repository/org/glassfish/hk2/hk2-api/2.4.0-b34/hk2-api-2.4.0-b34.jar:/home/alireza/.m2/repository/org/glassfish/hk2/hk2-utils/2.4.0-b34/hk2-utils-2.4.0-b34.jar:/home/alireza/.m2/repository/org/glassfish/hk2/external/aopalliance-repackaged/2.4.0-b34/aopalliance-repackaged-2.4.0-b34.jar:/home/alireza/.m2/repository/org/glassfish/hk2/external/javax.inject/2.4.0-b34/javax.inject-2.4.0-b34.jar:/home/alireza/.m2/repository/org/glassfish/hk2/hk2-locator/2.4.0-b34/hk2-locator-2.4.0-b34.jar:/home/alireza/.m2/repository/org/javassist/javassist/3.18.1-GA/javassist-3.18.1-GA.jar:/home/alireza/.m2/repository/org/glassfish/jersey/core/jersey-common/2.22.2/jersey-common-2.22.2.jar:/home/alireza/.m2/repository/javax/annotation/javax.annotation-api/1.2/javax.annotation-api-1.2.jar:/home/alireza/.m2/repository/org/glassfish/jersey/bundles/repackaged/jersey-guava/2.22.2/jersey-guava-2.22.2.jar:/home/alireza/.m2/repository/org/glassfish/hk2/osgi-resource-locator/1.0.1/osgi-resource-locator-1.0.1.jar:/home/alireza/.m2/repository/org/glassfish/jersey/core/jersey-server/2.22.2/jersey-server-2.22.2.jar:/home/alireza/.m2/repository/org/glassfish/jersey/media/jersey-media-jaxb/2.22.2/jersey-media-jaxb-2.22.2.jar:/home/alireza/.m2/repository/javax/validation/validation-api/1.1.0.Final/validation-api-1.1.0.Final.jar:/home/alireza/.m2/repository/org/glassfish/jersey/containers/jersey-container-servlet/2.22.2/jersey-container-servlet-2.22.2.jar:/home/alireza/.m2/repository/org/glassfish/jersey/containers/jersey-container-servlet-core/2.22.2/jersey-container-servlet-core-2.22.2.jar:/home/alireza/.m2/repository/com/fasterxml/jackson/module/jackson-module-scala_2.11/2.6.7.1/jackson-module-scala_2.11-2.6.7.1.jar:/home/alireza/.m2/repository/com/fasterxml/jackson/module/jackson-module-paranamer/2.7.9/jackson-module-paranamer-2.7.9.jar:/home/alireza/.m2/repository/org/apache/commons/commons-crypto/1.0.0/commons-crypto-1.0.0.jar:/home/alireza/.m2/repository/org/apache/spark/spark-catalyst_2.11/2.3.0/spark-catalyst_2.11-2.3.0.jar:/home/alireza/.m2/repository/org/scala-lang/modules/scala-parser-combinators_2.11/1.0.4/scala-parser-combinators_2.11-1.0.4.jar:/home/alireza/.m2/repository/org/codehaus/janino/janino/3.0.8/janino-3.0.8.jar:/home/alireza/.m2/repository/org/codehaus/janino/commons-compiler/3.0.8/commons-compiler-3.0.8.jar:/home/alireza/.m2/repository/org/antlr/antlr4-runtime/4.7/antlr4-runtime-4.7.jar:/home/alireza/.m2/repository/org/apache/spark/spark-tags_2.11/2.3.0/spark-tags_2.11-2.3.0.jar:/home/alireza/.m2/repository/org/apache/orc/orc-core/1.4.1/orc-core-1.4.1-nohive.jar:/home/alireza/.m2/repository/io/airlift/aircompressor/0.8/aircompressor-0.8.jar:/home/alireza/.m2/repository/org/apache/orc/orc-mapreduce/1.4.1/orc-mapreduce-1.4.1-nohive.jar:/home/alireza/.m2/repository/com/esotericsoftware/kryo-shaded/3.0.3/kryo-shaded-3.0.3.jar:/home/alireza/.m2/repository/com/esotericsoftware/minlog/1.3.0/minlog-1.3.0.jar:/home/alireza/.m2/repository/org/apache/parquet/parquet-column/1.8.2/parquet-column-1.8.2.jar:/home/alireza/.m2/repository/org/apache/parquet/parquet-common/1.8.2/parquet-common-1.8.2.jar:/home/alireza/.m2/repository/org/apache/parquet/parquet-encoding/1.8.2/parquet-encoding-1.8.2.jar:/home/alireza/.m2/repository/org/apache/parquet/parquet-hadoop/1.8.2/parquet-hadoop-1.8.2.jar:/home/alireza/.m2/repository/org/apache/parquet/parquet-format/2.3.1/parquet-format-2.3.1.jar:/home/alireza/.m2/repository/org/apache/parquet/parquet-jackson/1.8.2/parquet-jackson-1.8.2.jar:/home/alireza/.m2/repository/org/apache/arrow/arrow-vector/0.8.0/arrow-vector-0.8.0.jar:/home/alireza/.m2/repository/org/apache/arrow/arrow-format/0.8.0/arrow-format-0.8.0.jar:/home/alireza/.m2/repository/org/apache/arrow/arrow-memory/0.8.0/arrow-memory-0.8.0.jar:/home/alireza/.m2/repository/com/carrotsearch/hppc/0.7.2/hppc-0.7.2.jar:/home/alireza/.m2/repository/com/vlkan/flatbuffers/1.2.0-3f79e055/flatbuffers-1.2.0-3f79e055.jar:/home/alireza/.m2/repository/org/apache/hadoop/hadoop-client/2.7.0/hadoop-client-2.7.0.jar:/home/alireza/.m2/repository/org/apache/hadoop/hadoop-common/2.7.0/hadoop-common-2.7.0.jar:/home/alireza/.m2/repository/commons-cli/commons-cli/1.2/commons-cli-1.2.jar:/home/alireza/.m2/repository/xmlenc/xmlenc/0.52/xmlenc-0.52.jar:/home/alireza/.m2/repository/commons-collections/commons-collections/3.2.1/commons-collections-3.2.1.jar:/home/alireza/.m2/repository/javax/servlet/jsp/jsp-api/2.1/jsp-api-2.1.jar:/home/alireza/.m2/repository/commons-logging/commons-logging/1.1.3/commons-logging-1.1.3.jar:/home/alireza/.m2/repository/commons-configuration/commons-configuration/1.6/commons-configuration-1.6.jar:/home/alireza/.m2/repository/commons-digester/commons-digester/1.8/commons-digester-1.8.jar:/home/alireza/.m2/repository/commons-beanutils/commons-beanutils-core/1.8.0/commons-beanutils-core-1.8.0.jar:/home/alireza/.m2/repository/com/google/code/gson/gson/2.2.4/gson-2.2.4.jar:/home/alireza/.m2/repository/org/apache/hadoop/hadoop-auth/2.7.0/hadoop-auth-2.7.0.jar:/home/alireza/.m2/repository/org/apache/httpcomponents/httpclient/4.2.5/httpclient-4.2.5.jar:/home/alireza/.m2/repository/org/apache/httpcomponents/httpcore/4.2.4/httpcore-4.2.4.jar:/home/alireza/.m2/repository/org/apache/directory/server/apacheds-kerberos-codec/2.0.0-M15/apacheds-kerberos-codec-2.0.0-M15.jar:/home/alireza/.m2/repository/org/apache/directory/server/apacheds-i18n/2.0.0-M15/apacheds-i18n-2.0.0-M15.jar:/home/alireza/.m2/repository/org/apache/directory/api/api-asn1-api/1.0.0-M20/api-asn1-api-1.0.0-M20.jar:/home/alireza/.m2/repository/org/apache/directory/api/api-util/1.0.0-M20/api-util-1.0.0-M20.jar:/home/alireza/.m2/repository/org/apache/curator/curator-client/2.7.1/curator-client-2.7.1.jar:/home/alireza/.m2/repository/org/apache/htrace/htrace-core/3.1.0-incubating/htrace-core-3.1.0-incubating.jar:/home/alireza/.m2/repository/org/apache/commons/commons-compress/1.4.1/commons-compress-1.4.1.jar:/home/alireza/.m2/repository/org/tukaani/xz/1.0/xz-1.0.jar:/home/alireza/.m2/repository/org/apache/hadoop/hadoop-hdfs/2.7.0/hadoop-hdfs-2.7.0.jar:/home/alireza/.m2/repository/org/mortbay/jetty/jetty-util/6.1.26/jetty-util-6.1.26.jar:/home/alireza/.m2/repository/xerces/xercesImpl/2.9.1/xercesImpl-2.9.1.jar:/home/alireza/.m2/repository/xml-apis/xml-apis/1.3.04/xml-apis-1.3.04.jar:/home/alireza/.m2/repository/org/apache/hadoop/hadoop-mapreduce-client-app/2.7.0/hadoop-mapreduce-client-app-2.7.0.jar:/home/alireza/.m2/repository/org/apache/hadoop/hadoop-mapreduce-client-common/2.7.0/hadoop-mapreduce-client-common-2.7.0.jar:/home/alireza/.m2/repository/org/apache/hadoop/hadoop-yarn-client/2.7.0/hadoop-yarn-client-2.7.0.jar:/home/alireza/.m2/repository/org/apache/hadoop/hadoop-yarn-server-common/2.7.0/hadoop-yarn-server-common-2.7.0.jar:/home/alireza/.m2/repository/org/apache/hadoop/hadoop-mapreduce-client-shuffle/2.7.0/hadoop-mapreduce-client-shuffle-2.7.0.jar:/home/alireza/.m2/repository/org/apache/hadoop/hadoop-yarn-api/2.7.0/hadoop-yarn-api-2.7.0.jar:/home/alireza/.m2/repository/org/apache/hadoop/hadoop-mapreduce-client-core/2.7.0/hadoop-mapreduce-client-core-2.7.0.jar:/home/alireza/.m2/repository/org/apache/hadoop/hadoop-yarn-common/2.7.0/hadoop-yarn-common-2.7.0.jar:/home/alireza/.m2/repository/javax/xml/bind/jaxb-api/2.2.2/jaxb-api-2.2.2.jar:/home/alireza/.m2/repository/javax/xml/stream/stax-api/1.0-2/stax-api-1.0-2.jar:/home/alireza/.m2/repository/javax/activation/activation/1.1/activation-1.1.jar:/home/alireza/.m2/repository/javax/servlet/servlet-api/2.5/servlet-api-2.5.jar:/home/alireza/.m2/repository/com/sun/jersey/jersey-client/1.9/jersey-client-1.9.jar:/home/alireza/.m2/repository/org/codehaus/jackson/jackson-jaxrs/1.9.13/jackson-jaxrs-1.9.13.jar:/home/alireza/.m2/repository/org/codehaus/jackson/jackson-xc/1.9.13/jackson-xc-1.9.13.jar:/home/alireza/.m2/repository/org/apache/hadoop/hadoop-mapreduce-client-jobclient/2.7.0/hadoop-mapreduce-client-jobclient-2.7.0.jar:/home/alireza/.m2/repository/org/apache/hadoop/hadoop-annotations/2.7.0/hadoop-annotations-2.7.0.jar:/home/alireza/.m2/repository/com/datastax/spark/spark-cassandra-connector_2.11/2.0.0-M3/spark-cassandra-connector_2.11-2.0.0-M3.jar:/home/alireza/.m2/repository/commons-beanutils/commons-beanutils/1.8.0/commons-beanutils-1.8.0.jar:/home/alireza/.m2/repository/joda-time/joda-time/2.3/joda-time-2.3.jar:/home/alireza/.m2/repository/com/twitter/jsr166e/1.1.0/jsr166e-1.1.0.jar:/home/alireza/.m2/repository/org/joda/joda-convert/1.2/joda-convert-1.2.jar:/home/alireza/.m2/repository/org/scala-lang/scala-reflect/2.11.8/scala-reflect-2.11.8.jar:/home/alireza/.m2/repository/junit/junit/4.11/junit-4.11.jar:/home/alireza/.m2/repository/org/hamcrest/hamcrest-core/1.3/hamcrest-core-1.3.jar:"/>
    <property name="sun.cpu.endian" value="little"/>
    <property name="user.home" value="/home/alireza"/>
    <property name="user.language" value="en"/>
    <property name="java.specification.vendor" value="Oracle Corporation"/>
    <property name="java.home" value="/usr/lib/jvm/java-8-openjdk-amd64/jre"/>
    <property name="basedir" value="/home/alireza/spark-sql-example"/>
    <property name="file.separator" value="/"/>
    <property name="line.separator" value="&#10;"/>
    <property name="java.vm.specification.vendor" value="Oracle Corporation"/>
    <property name="java.specification.name" value="Java Platform API Specification"/>
    <property name="java.awt.graphicsenv" value="sun.awt.X11GraphicsEnvironment"/>
    <property name="surefire.real.class.path" value="/home/alireza/spark-sql-example/target/surefire/surefirebooter6557031441694348336.jar"/>
    <property name="sun.boot.class.path" value="/usr/lib/jvm/java-8-openjdk-amd64/jre/lib/resources.jar:/usr/lib/jvm/java-8-openjdk-amd64/jre/lib/rt.jar:/usr/lib/jvm/java-8-openjdk-amd64/jre/lib/sunrsasign.jar:/usr/lib/jvm/java-8-openjdk-amd64/jre/lib/jsse.jar:/usr/lib/jvm/java-8-openjdk-amd64/jre/lib/jce.jar:/usr/lib/jvm/java-8-openjdk-amd64/jre/lib/charsets.jar:/usr/lib/jvm/java-8-openjdk-amd64/jre/lib/jfr.jar:/usr/lib/jvm/java-8-openjdk-amd64/jre/classes"/>
    <property name="sun.management.compiler" value="HotSpot 64-Bit Tiered Compilers"/>
    <property name="java.runtime.version" value="1.8.0_171-8u171-b11-0ubuntu0.16.04.1-b11"/>
    <property name="user.name" value="alireza"/>
    <property name="path.separator" value=":"/>
    <property name="os.version" value="4.15.12-041512-generic"/>
    <property name="java.endorsed.dirs" value="/usr/lib/jvm/java-8-openjdk-amd64/jre/lib/endorsed"/>
    <property name="java.runtime.name" value="OpenJDK Runtime Environment"/>
    <property name="file.encoding" value="UTF-8"/>
    <property name="java.vm.name" value="OpenJDK 64-Bit Server VM"/>
    <property name="localRepository" value="/home/alireza/.m2/repository"/>
    <property name="java.vendor.url.bug" value="http://bugreport.sun.com/bugreport/"/>
    <property name="java.io.tmpdir" value="/tmp"/>
    <property name="idea.version" value="2018.2.1"/>
    <property name="java.version" value="1.8.0_171"/>
    <property name="user.dir" value="/home/alireza/spark-sql-example"/>
    <property name="os.arch" value="amd64"/>
    <property name="java.vm.specification.name" value="Java Virtual Machine Specification"/>
    <property name="java.awt.printerjob" value="sun.print.PSPrinterJob"/>
    <property name="sun.os.patch.level" value="unknown"/>
    <property name="java.library.path" value="/usr/java/packages/lib/amd64:/usr/lib/x86_64-linux-gnu/jni:/lib/x86_64-linux-gnu:/usr/lib/x86_64-linux-gnu:/usr/lib/jni:/lib:/usr/lib"/>
    <property name="java.vm.info" value="mixed mode"/>
    <property name="java.vendor" value="Oracle Corporation"/>
    <property name="java.vm.version" value="25.171-b11"/>
    <property name="java.ext.dirs" value="/usr/lib/jvm/java-8-openjdk-amd64/jre/lib/ext:/usr/java/packages/lib/ext"/>
    <property name="sun.io.unicode.encoding" value="UnicodeLittle"/>
    <property name="java.class.version" value="52.0"/>
  </properties>
  <testcase name="shouldAnswerWithTrue" classname="com.alireza.spark.utils.AppTest" time="0.004"/>
</testsuite>